Using pre-set license
Built from '2020.3/staging' branch; Version is '2020.3.6f1 (338bb68529b2) revision 3378102'; Using compiler version '192528614'; Build Type 'Release'
OS: 'Windows 10 Pro; OS build 19042.1110; Version 2009; 64bit' Language: 'es' Physical Memory: 16318 MB
BatchMode: 1, IsHumanControllingUs: 0, StartBugReporterOnCrash: 0, Is64bit: 1, IsPro: 0

 COMMAND LINE ARGUMENTS:
C:\Program Files\Unity\Hub\Editor\2020.3.6f1\Editor\Unity.exe
-adb2
-batchMode
-noUpm
-name
AssetImportWorker0
-projectPath
C:/Users/LUIS/Documents/JUEGOS/Racing Car Simulator
-logFile
Logs/AssetImportWorker0.log
-srvPort
55445
Successfully changed project path to: C:/Users/LUIS/Documents/JUEGOS/Racing Car Simulator
C:/Users/LUIS/Documents/JUEGOS/Racing Car Simulator
Using Asset Import Pipeline V2.
Refreshing native plugins compatible for Editor in 30.20 ms, found 0 plugins.
Preloading 0 native plugins for Editor in 0.00 ms.
Initialize engine version: 2020.3.6f1 (338bb68529b2)
[Subsystems] Discovering subsystems at path C:/Program Files/Unity/Hub/Editor/2020.3.6f1/Editor/Data/Resources/UnitySubsystems
[Subsystems] Discovering subsystems at path C:/Users/LUIS/Documents/JUEGOS/Racing Car Simulator/Assets
GfxDevice: creating device client; threaded=0
Direct3D:
    Version:  Direct3D 11.0 [level 11.1]
    Renderer: NVIDIA GeForce GTX 960 (ID=0x1401)
    Vendor:   
    VRAM:     2007 MB
    Driver:   27.21.14.6589
Initialize mono
Mono path[0] = 'C:/Program Files/Unity/Hub/Editor/2020.3.6f1/Editor/Data/Managed'
Mono path[1] = 'C:/Program Files/Unity/Hub/Editor/2020.3.6f1/Editor/Data/MonoBleedingEdge/lib/mono/unityjit'
Mono config path = 'C:/Program Files/Unity/Hub/Editor/2020.3.6f1/Editor/Data/MonoBleedingEdge/etc'
Using monoOptions --debugger-agent=transport=dt_socket,embedding=1,server=y,suspend=n,address=127.0.0.1:56764
Begin MonoManager ReloadAssembly
Registering precompiled unity dll's ...
Register platform support module: C:/Program Files/Unity/Hub/Editor/2020.3.6f1/Editor/Data/PlaybackEngines/WebGLSupport/UnityEditor.WebGL.Extensions.dll
Register platform support module: C:/Program Files/Unity/Hub/Editor/2020.3.6f1/Editor/Data/PlaybackEngines/WindowsStandaloneSupport/UnityEditor.WindowsStandalone.Extensions.dll
Registered in 0.002425 seconds.
Native extension for WindowsStandalone target not found
Native extension for WebGL target not found
Refreshing native plugins compatible for Editor in 22.92 ms, found 0 plugins.
Preloading 0 native plugins for Editor in 0.00 ms.
Mono: successfully reloaded assembly
- Completed reload, in  2.146 seconds
Platform modules already initialized, skipping
Registering precompiled user dll's ...
Registered in 0.000688 seconds.
Begin MonoManager ReloadAssembly
Native extension for WindowsStandalone target not found
Native extension for WebGL target not found
Refreshing native plugins compatible for Editor in 0.20 ms, found 0 plugins.
Preloading 0 native plugins for Editor in 0.00 ms.
Mono: successfully reloaded assembly
- Completed reload, in  0.793 seconds
Platform modules already initialized, skipping
========================================================================
Worker process is ready to serve import requests
Launched and connected shader compiler UnityShaderCompiler.exe after 0.07 seconds
Refreshing native plugins compatible for Editor in 0.20 ms, found 0 plugins.
Preloading 0 native plugins for Editor in 0.00 ms.
Unloading 1148 Unused Serialized files (Serialized files now loaded: 0)
System memory in use before: 73.2 MB.
System memory in use after: 73.3 MB.

Unloading 10 unused Assets to reduce memory usage. Loaded Objects now: 1619.
Total: 1.781300 ms (FindLiveObjects: 0.136500 ms CreateObjectMapping: 0.039200 ms MarkObjects: 1.492500 ms  DeleteObjects: 0.111800 ms)

========================================================================
Received Import Request.
  path: Assets/Scripts/CameraChange.cs
  artifactKey: Guid(7c27e9bc4fa5e174680010f505dd0632) Importer(815301076,1909f56bfc062723c751e8b465ee728b)
Start importing Assets/Scripts/CameraChange.cs using Guid(7c27e9bc4fa5e174680010f505dd0632) Importer(815301076,1909f56bfc062723c751e8b465ee728b)  -> (artifact id: 'ceb33ff1496bb3d400eb286baf7df29a') in 0.038631 seconds
  Import took 0.040749 seconds .

========================================================================
Received Prepare
Registering precompiled user dll's ...
Registered in 0.000810 seconds.
Begin MonoManager ReloadAssembly
Native extension for WindowsStandalone target not found
Native extension for WebGL target not found
Refreshing native plugins compatible for Editor in 0.22 ms, found 0 plugins.
Preloading 0 native plugins for Editor in 0.00 ms.
Mono: successfully reloaded assembly
- Completed reload, in  0.735 seconds
Platform modules already initialized, skipping
Refreshing native plugins compatible for Editor in 0.20 ms, found 0 plugins.
Preloading 0 native plugins for Editor in 0.00 ms.
Unloading 1140 Unused Serialized files (Serialized files now loaded: 0)
System memory in use before: 72.9 MB.
System memory in use after: 72.9 MB.

Unloading 5 unused Assets to reduce memory usage. Loaded Objects now: 1622.
Total: 1.631300 ms (FindLiveObjects: 0.124800 ms CreateObjectMapping: 0.031100 ms MarkObjects: 1.402900 ms  DeleteObjects: 0.071100 ms)

========================================================================
Received Import Request.
  Time since last request: 27.560672 seconds.
  path: Assets/Scripts/CameraChange.cs
  artifactKey: Guid(7c27e9bc4fa5e174680010f505dd0632) Importer(815301076,1909f56bfc062723c751e8b465ee728b)
Start importing Assets/Scripts/CameraChange.cs using Guid(7c27e9bc4fa5e174680010f505dd0632) Importer(815301076,1909f56bfc062723c751e8b465ee728b)  -> (artifact id: '41c6e7d22830e991dfed686a6c974f64') in 0.006173 seconds
  Import took 0.008157 seconds .

========================================================================
Received Prepare
Registering precompiled user dll's ...
Registered in 0.000712 seconds.
Begin MonoManager ReloadAssembly
Native extension for WindowsStandalone target not found
Native extension for WebGL target not found
Refreshing native plugins compatible for Editor in 0.24 ms, found 0 plugins.
Preloading 0 native plugins for Editor in 0.00 ms.
Mono: successfully reloaded assembly
- Completed reload, in  0.729 seconds
Platform modules already initialized, skipping
Refreshing native plugins compatible for Editor in 0.20 ms, found 0 plugins.
Preloading 0 native plugins for Editor in 0.00 ms.
Unloading 1140 Unused Serialized files (Serialized files now loaded: 0)
System memory in use before: 72.9 MB.
System memory in use after: 73.0 MB.

Unloading 5 unused Assets to reduce memory usage. Loaded Objects now: 1625.
Total: 1.584200 ms (FindLiveObjects: 0.128400 ms CreateObjectMapping: 0.034100 ms MarkObjects: 1.355000 ms  DeleteObjects: 0.065300 ms)

========================================================================
Received Prepare
Registering precompiled user dll's ...
Registered in 0.000712 seconds.
Begin MonoManager ReloadAssembly
Native extension for WindowsStandalone target not found
Native extension for WebGL target not found
Refreshing native plugins compatible for Editor in 0.20 ms, found 0 plugins.
Preloading 0 native plugins for Editor in 0.00 ms.
Mono: successfully reloaded assembly
- Completed reload, in  0.756 seconds
Platform modules already initialized, skipping
Refreshing native plugins compatible for Editor in 0.24 ms, found 0 plugins.
Preloading 0 native plugins for Editor in 0.00 ms.
Unloading 1140 Unused Serialized files (Serialized files now loaded: 0)
System memory in use before: 72.9 MB.
System memory in use after: 73.0 MB.

Unloading 5 unused Assets to reduce memory usage. Loaded Objects now: 1628.
Total: 1.709000 ms (FindLiveObjects: 0.136200 ms CreateObjectMapping: 0.037000 ms MarkObjects: 1.461800 ms  DeleteObjects: 0.072700 ms)

========================================================================
Received Import Request.
  Time since last request: 1044.935716 seconds.
  path: Assets/Audio/Music
  artifactKey: Guid(35cb868742b77e147a516f0468825914) Importer(815301076,1909f56bfc062723c751e8b465ee728b)
Start importing Assets/Audio/Music using Guid(35cb868742b77e147a516f0468825914) Importer(815301076,1909f56bfc062723c751e8b465ee728b)  -> (artifact id: 'e567e42c7d5cb4ada4c356c3c2fa362e') in 0.009600 seconds
  Import took 0.012113 seconds .

========================================================================
Received Import Request.
  Time since last request: 0.000693 seconds.
  path: Assets/Audio/Music
  artifactKey: Guid(35cb868742b77e147a516f0468825914) Importer(815301076,1909f56bfc062723c751e8b465ee728b)
Start importing Assets/Audio/Music using Guid(35cb868742b77e147a516f0468825914) Importer(815301076,1909f56bfc062723c751e8b465ee728b)  -> (artifact id: 'e567e42c7d5cb4ada4c356c3c2fa362e') in 0.003192 seconds
  Import took 0.005281 seconds .

========================================================================
Received Import Request.
  Time since last request: 29.649956 seconds.
  path: Assets/Audio/Music/JVDriveTheme.mp3
  artifactKey: Guid(16354c997ccb6034d93c521655ccbe16) Importer(815301076,1909f56bfc062723c751e8b465ee728b)
Start importing Assets/Audio/Music/JVDriveTheme.mp3 using Guid(16354c997ccb6034d93c521655ccbe16) Importer(815301076,1909f56bfc062723c751e8b465ee728b)  -> (artifact id: '95cd53e20c6718f72a7d7c264bf31136') in 0.102353 seconds
  Import took 0.104547 seconds .

========================================================================
Received Import Request.
  Time since last request: 106.734131 seconds.
  path: Assets/Scripts/Countdown.cs
  artifactKey: Guid(2c25dec599c14c249a75a74a81c8dc33) Importer(815301076,1909f56bfc062723c751e8b465ee728b)
Start importing Assets/Scripts/Countdown.cs using Guid(2c25dec599c14c249a75a74a81c8dc33) Importer(815301076,1909f56bfc062723c751e8b465ee728b)  -> (artifact id: '2b7170b5b9118bae759a3273d0d71861') in 0.007970 seconds
  Import took 0.010110 seconds .

========================================================================
Received Import Request.
  Time since last request: 0.025136 seconds.
  path: Assets/Scripts/Countdown.cs
  artifactKey: Guid(2c25dec599c14c249a75a74a81c8dc33) Importer(815301076,1909f56bfc062723c751e8b465ee728b)
Start importing Assets/Scripts/Countdown.cs using Guid(2c25dec599c14c249a75a74a81c8dc33) Importer(815301076,1909f56bfc062723c751e8b465ee728b)  -> (artifact id: '2b7170b5b9118bae759a3273d0d71861') in 0.004168 seconds
  Import took 0.006045 seconds .

========================================================================
Received Prepare
Registering precompiled user dll's ...
Registered in 0.000774 seconds.
Begin MonoManager ReloadAssembly
Native extension for WindowsStandalone target not found
Native extension for WebGL target not found
Refreshing native plugins compatible for Editor in 0.22 ms, found 0 plugins.
Preloading 0 native plugins for Editor in 0.00 ms.
Mono: successfully reloaded assembly
- Completed reload, in  0.763 seconds
Platform modules already initialized, skipping
Refreshing native plugins compatible for Editor in 0.24 ms, found 0 plugins.
Preloading 0 native plugins for Editor in 0.00 ms.
Unloading 1140 Unused Serialized files (Serialized files now loaded: 0)
System memory in use before: 76.0 MB.
System memory in use after: 76.1 MB.

Unloading 5 unused Assets to reduce memory usage. Loaded Objects now: 1640.
Total: 1.842300 ms (FindLiveObjects: 0.159000 ms CreateObjectMapping: 0.038000 ms MarkObjects: 1.575600 ms  DeleteObjects: 0.068300 ms)

========================================================================
Received Import Request.
  Time since last request: 101.479257 seconds.
  path: Assets/Scripts/Countdown.cs
  artifactKey: Guid(2c25dec599c14c249a75a74a81c8dc33) Importer(815301076,1909f56bfc062723c751e8b465ee728b)
Start importing Assets/Scripts/Countdown.cs using Guid(2c25dec599c14c249a75a74a81c8dc33) Importer(815301076,1909f56bfc062723c751e8b465ee728b)  -> (artifact id: '6d1ed3e95afbf84d336275038b11100e') in 0.006656 seconds
  Import took 0.008676 seconds .

========================================================================
Received Prepare
Registering precompiled user dll's ...
Registered in 0.000692 seconds.
Begin MonoManager ReloadAssembly
Native extension for WindowsStandalone target not found
Native extension for WebGL target not found
Refreshing native plugins compatible for Editor in 0.20 ms, found 0 plugins.
Preloading 0 native plugins for Editor in 0.00 ms.
Mono: successfully reloaded assembly
- Completed reload, in  0.737 seconds
Platform modules already initialized, skipping
Refreshing native plugins compatible for Editor in 0.20 ms, found 0 plugins.
Preloading 0 native plugins for Editor in 0.00 ms.
Unloading 1140 Unused Serialized files (Serialized files now loaded: 0)
System memory in use before: 76.1 MB.
System memory in use after: 76.1 MB.

Unloading 5 unused Assets to reduce memory usage. Loaded Objects now: 1643.
Total: 1.622800 ms (FindLiveObjects: 0.140300 ms CreateObjectMapping: 0.037000 ms MarkObjects: 1.374500 ms  DeleteObjects: 0.069100 ms)

========================================================================
Received Import Request.
  Time since last request: 140.040793 seconds.
  path: Assets/Scripts/LoadLapTime.cs
  artifactKey: Guid(b4354281bb2c1b148ad8b7a83a0216dd) Importer(815301076,1909f56bfc062723c751e8b465ee728b)
Start importing Assets/Scripts/LoadLapTime.cs using Guid(b4354281bb2c1b148ad8b7a83a0216dd) Importer(815301076,1909f56bfc062723c751e8b465ee728b)  -> (artifact id: 'df25a1dee934b6641651af6caff9122d') in 0.009610 seconds
  Import took 0.011983 seconds .

========================================================================
Received Import Request.
  Time since last request: 0.018936 seconds.
  path: Assets/Scripts/LoadLapTime.cs
  artifactKey: Guid(b4354281bb2c1b148ad8b7a83a0216dd) Importer(815301076,1909f56bfc062723c751e8b465ee728b)
Start importing Assets/Scripts/LoadLapTime.cs using Guid(b4354281bb2c1b148ad8b7a83a0216dd) Importer(815301076,1909f56bfc062723c751e8b465ee728b)  -> (artifact id: 'df25a1dee934b6641651af6caff9122d') in 0.006644 seconds
  Import took 0.008525 seconds .

========================================================================
Received Prepare
Registering precompiled user dll's ...
Registered in 0.000732 seconds.
Begin MonoManager ReloadAssembly
Native extension for WindowsStandalone target not found
Native extension for WebGL target not found
Refreshing native plugins compatible for Editor in 0.20 ms, found 0 plugins.
Preloading 0 native plugins for Editor in 0.00 ms.
Mono: successfully reloaded assembly
- Completed reload, in  0.767 seconds
Platform modules already initialized, skipping
Refreshing native plugins compatible for Editor in 0.21 ms, found 0 plugins.
Preloading 0 native plugins for Editor in 0.00 ms.
Unloading 1141 Unused Serialized files (Serialized files now loaded: 0)
System memory in use before: 76.1 MB.
System memory in use after: 76.2 MB.

Unloading 5 unused Assets to reduce memory usage. Loaded Objects now: 1647.
Total: 1.573900 ms (FindLiveObjects: 0.135700 ms CreateObjectMapping: 0.035500 ms MarkObjects: 1.333700 ms  DeleteObjects: 0.067900 ms)

========================================================================
Received Prepare
Registering precompiled user dll's ...
Registered in 0.000738 seconds.
Begin MonoManager ReloadAssembly
Native extension for WindowsStandalone target not found
Native extension for WebGL target not found
Refreshing native plugins compatible for Editor in 0.20 ms, found 0 plugins.
Preloading 0 native plugins for Editor in 0.00 ms.
Mono: successfully reloaded assembly
- Completed reload, in  0.746 seconds
Platform modules already initialized, skipping
Refreshing native plugins compatible for Editor in 0.22 ms, found 0 plugins.
Preloading 0 native plugins for Editor in 0.00 ms.
Unloading 1141 Unused Serialized files (Serialized files now loaded: 0)
System memory in use before: 76.1 MB.
System memory in use after: 76.2 MB.

Unloading 5 unused Assets to reduce memory usage. Loaded Objects now: 1650.
Total: 3.216700 ms (FindLiveObjects: 0.154400 ms CreateObjectMapping: 0.048200 ms MarkObjects: 2.929400 ms  DeleteObjects: 0.083100 ms)

========================================================================
Received Import Request.
  Time since last request: 120.074052 seconds.
  path: Assets/Scripts/LoadLapTime.cs
  artifactKey: Guid(b4354281bb2c1b148ad8b7a83a0216dd) Importer(815301076,1909f56bfc062723c751e8b465ee728b)
Start importing Assets/Scripts/LoadLapTime.cs using Guid(b4354281bb2c1b148ad8b7a83a0216dd) Importer(815301076,1909f56bfc062723c751e8b465ee728b)  -> (artifact id: '0013c8a2c6c1dc6bfb8f97736423c6e4') in 0.012339 seconds
  Import took 0.015104 seconds .

========================================================================
Received Prepare
Registering precompiled user dll's ...
Registered in 0.000797 seconds.
Begin MonoManager ReloadAssembly
Native extension for WindowsStandalone target not found
Native extension for WebGL target not found
Refreshing native plugins compatible for Editor in 0.20 ms, found 0 plugins.
Preloading 0 native plugins for Editor in 0.00 ms.
Mono: successfully reloaded assembly
- Completed reload, in  0.755 seconds
Platform modules already initialized, skipping
Refreshing native plugins compatible for Editor in 0.21 ms, found 0 plugins.
Preloading 0 native plugins for Editor in 0.00 ms.
Unloading 1141 Unused Serialized files (Serialized files now loaded: 0)
System memory in use before: 76.1 MB.
System memory in use after: 76.2 MB.

Unloading 5 unused Assets to reduce memory usage. Loaded Objects now: 1653.
Total: 1.895100 ms (FindLiveObjects: 0.165700 ms CreateObjectMapping: 0.048200 ms MarkObjects: 1.604900 ms  DeleteObjects: 0.073600 ms)

========================================================================
Received Import Request.
  Time since last request: 606.426667 seconds.
  path: Assets/Scripts/LapComplete.cs
  artifactKey: Guid(46bc17e60c5cfe043bf590dec2ab940d) Importer(815301076,1909f56bfc062723c751e8b465ee728b)
Start importing Assets/Scripts/LapComplete.cs using Guid(46bc17e60c5cfe043bf590dec2ab940d) Importer(815301076,1909f56bfc062723c751e8b465ee728b)  -> (artifact id: 'e43e279e275755c5a5200cd3a2949a9f') in 0.009133 seconds
  Import took 0.011294 seconds .

========================================================================
Received Prepare
Registering precompiled user dll's ...
Registered in 0.000735 seconds.
Begin MonoManager ReloadAssembly
Native extension for WindowsStandalone target not found
Native extension for WebGL target not found
Refreshing native plugins compatible for Editor in 0.23 ms, found 0 plugins.
Preloading 0 native plugins for Editor in 0.00 ms.
Mono: successfully reloaded assembly
- Completed reload, in  0.773 seconds
Platform modules already initialized, skipping
Refreshing native plugins compatible for Editor in 0.24 ms, found 0 plugins.
Preloading 0 native plugins for Editor in 0.00 ms.
Unloading 1141 Unused Serialized files (Serialized files now loaded: 0)
System memory in use before: 76.1 MB.
System memory in use after: 76.2 MB.

Unloading 5 unused Assets to reduce memory usage. Loaded Objects now: 1656.
Total: 1.885700 ms (FindLiveObjects: 0.153700 ms CreateObjectMapping: 0.040400 ms MarkObjects: 1.607600 ms  DeleteObjects: 0.082400 ms)

========================================================================
Received Prepare
Registering precompiled user dll's ...
Registered in 0.000952 seconds.
Begin MonoManager ReloadAssembly
Native extension for WindowsStandalone target not found
Native extension for WebGL target not found
Refreshing native plugins compatible for Editor in 0.22 ms, found 0 plugins.
Preloading 0 native plugins for Editor in 0.00 ms.
Mono: successfully reloaded assembly
- Completed reload, in  0.886 seconds
Platform modules already initialized, skipping
Refreshing native plugins compatible for Editor in 0.25 ms, found 0 plugins.
Preloading 0 native plugins for Editor in 0.00 ms.
Unloading 1141 Unused Serialized files (Serialized files now loaded: 0)
System memory in use before: 76.1 MB.
System memory in use after: 76.2 MB.

Unloading 5 unused Assets to reduce memory usage. Loaded Objects now: 1659.
Total: 2.022800 ms (FindLiveObjects: 0.151500 ms CreateObjectMapping: 0.039600 ms MarkObjects: 1.714100 ms  DeleteObjects: 0.100600 ms)

========================================================================
Received Prepare
Registering precompiled user dll's ...
Registered in 0.000869 seconds.
Begin MonoManager ReloadAssembly
Native extension for WindowsStandalone target not found
Native extension for WebGL target not found
Refreshing native plugins compatible for Editor in 0.39 ms, found 0 plugins.
Preloading 0 native plugins for Editor in 0.00 ms.
Mono: successfully reloaded assembly
- Completed reload, in  0.743 seconds
Platform modules already initialized, skipping
Refreshing native plugins compatible for Editor in 0.20 ms, found 0 plugins.
Preloading 0 native plugins for Editor in 0.00 ms.
Unloading 1141 Unused Serialized files (Serialized files now loaded: 0)
System memory in use before: 76.1 MB.
System memory in use after: 76.2 MB.

Unloading 5 unused Assets to reduce memory usage. Loaded Objects now: 1662.
Total: 1.792500 ms (FindLiveObjects: 0.154000 ms CreateObjectMapping: 0.037800 ms MarkObjects: 1.519300 ms  DeleteObjects: 0.079600 ms)

========================================================================
Received Import Request.
  Time since last request: 971.773430 seconds.
  path: Assets/Objects/Bush01
  artifactKey: Guid(b5a8aacfeaeefa243a032d95e9ce88dc) Importer(815301076,1909f56bfc062723c751e8b465ee728b)
Start importing Assets/Objects/Bush01 using Guid(b5a8aacfeaeefa243a032d95e9ce88dc) Importer(815301076,1909f56bfc062723c751e8b465ee728b)  -> (artifact id: '6b906cc6105d1609b22d8ac9419acc93') in 0.011575 seconds
  Import took 0.013472 seconds .

========================================================================
Received Import Request.
  Time since last request: 0.072557 seconds.
  path: Assets/Objects/Bush01/Bush.prefab
  artifactKey: Guid(0ceedd25dd6f9074d853e51c1e256d65) Importer(815301076,1909f56bfc062723c751e8b465ee728b)
Start importing Assets/Objects/Bush01/Bush.prefab using Guid(0ceedd25dd6f9074d853e51c1e256d65) Importer(815301076,1909f56bfc062723c751e8b465ee728b)  -> (artifact id: '880b5dde6bc2a63e6231c0c3a9688f9c') in 0.134221 seconds
  Import took 0.136325 seconds .

========================================================================
Received Import Request.
  Time since last request: 0.000256 seconds.
  path: Assets/Objects/Bush01/shadow.png
  artifactKey: Guid(9601df0f2a000374f979241e059b5c51) Importer(815301076,1909f56bfc062723c751e8b465ee728b)
Start importing Assets/Objects/Bush01/shadow.png using Guid(9601df0f2a000374f979241e059b5c51) Importer(815301076,1909f56bfc062723c751e8b465ee728b)  -> (artifact id: '6164f41377a3f70f60504494c5dcc62e') in 0.028664 seconds
  Import took 0.030614 seconds .

========================================================================
Received Import Request.
  Time since last request: 0.000308 seconds.
  path: Assets/Objects/Bush01/diffuse.png
  artifactKey: Guid(7630dab25f1fce64ba0a4f5ebf70952d) Importer(815301076,1909f56bfc062723c751e8b465ee728b)
Start importing Assets/Objects/Bush01/diffuse.png using Guid(7630dab25f1fce64ba0a4f5ebf70952d) Importer(815301076,1909f56bfc062723c751e8b465ee728b)  -> (artifact id: '9ca84a3a02100556aad3dd5e214be977') in 0.013163 seconds
  Import took 0.015308 seconds .

========================================================================
Received Import Request.
  Time since last request: 0.000270 seconds.
  path: Assets/Objects/Bush01/normal_specular.png
  artifactKey: Guid(ed1a46a0511323944a237140108fc52b) Importer(815301076,1909f56bfc062723c751e8b465ee728b)
Start importing Assets/Objects/Bush01/normal_specular.png using Guid(ed1a46a0511323944a237140108fc52b) Importer(815301076,1909f56bfc062723c751e8b465ee728b)  -> (artifact id: '216b3da4f4821c3a0d8e24fb6a8beaea') in 0.014688 seconds
  Import took 0.017099 seconds .

========================================================================
Received Import Request.
  Time since last request: 0.000249 seconds.
  path: Assets/Objects/Bush01/translucency_gloss.png
  artifactKey: Guid(dff86183bc93dc24d853bc689c39adad) Importer(815301076,1909f56bfc062723c751e8b465ee728b)
Start importing Assets/Objects/Bush01/translucency_gloss.png using Guid(dff86183bc93dc24d853bc689c39adad) Importer(815301076,1909f56bfc062723c751e8b465ee728b)  -> (artifact id: '4f546dfafd4fecc696a2ce8363afb285') in 0.011778 seconds
  Import took 0.014147 seconds .

========================================================================
Received Prepare
Registering precompiled user dll's ...
Registered in 0.000888 seconds.
Begin MonoManager ReloadAssembly
Native extension for WindowsStandalone target not found
Native extension for WebGL target not found
Refreshing native plugins compatible for Editor in 0.23 ms, found 0 plugins.
Preloading 0 native plugins for Editor in 0.00 ms.
Mono: successfully reloaded assembly
- Completed reload, in  0.753 seconds
Platform modules already initialized, skipping
Refreshing native plugins compatible for Editor in 0.21 ms, found 0 plugins.
Preloading 0 native plugins for Editor in 0.00 ms.
Unloading 1141 Unused Serialized files (Serialized files now loaded: 0)
System memory in use before: 76.5 MB.
System memory in use after: 76.6 MB.

Unloading 5 unused Assets to reduce memory usage. Loaded Objects now: 1703.
Total: 1.603600 ms (FindLiveObjects: 0.147500 ms CreateObjectMapping: 0.037200 ms MarkObjects: 1.350500 ms  DeleteObjects: 0.066900 ms)

========================================================================
Received Prepare
Registering precompiled user dll's ...
Registered in 0.000758 seconds.
Begin MonoManager ReloadAssembly
Native extension for WindowsStandalone target not found
Native extension for WebGL target not found
Refreshing native plugins compatible for Editor in 0.24 ms, found 0 plugins.
Preloading 0 native plugins for Editor in 0.00 ms.
Mono: successfully reloaded assembly
- Completed reload, in  0.728 seconds
Platform modules already initialized, skipping
Refreshing native plugins compatible for Editor in 0.20 ms, found 0 plugins.
Preloading 0 native plugins for Editor in 0.00 ms.
Unloading 1141 Unused Serialized files (Serialized files now loaded: 0)
System memory in use before: 76.5 MB.
System memory in use after: 76.6 MB.

Unloading 5 unused Assets to reduce memory usage. Loaded Objects now: 1706.
Total: 1.707600 ms (FindLiveObjects: 0.141900 ms CreateObjectMapping: 0.040000 ms MarkObjects: 1.450900 ms  DeleteObjects: 0.073900 ms)

========================================================================
Received Prepare
Registering precompiled user dll's ...
Registered in 0.000838 seconds.
Begin MonoManager ReloadAssembly
Native extension for WindowsStandalone target not found
Native extension for WebGL target not found
Refreshing native plugins compatible for Editor in 0.20 ms, found 0 plugins.
Preloading 0 native plugins for Editor in 0.00 ms.
Mono: successfully reloaded assembly
- Completed reload, in  0.738 seconds
Platform modules already initialized, skipping
Refreshing native plugins compatible for Editor in 0.20 ms, found 0 plugins.
Preloading 0 native plugins for Editor in 0.00 ms.
Unloading 1141 Unused Serialized files (Serialized files now loaded: 0)
System memory in use before: 76.5 MB.
System memory in use after: 76.6 MB.

Unloading 5 unused Assets to reduce memory usage. Loaded Objects now: 1709.
Total: 1.640800 ms (FindLiveObjects: 0.137000 ms CreateObjectMapping: 0.034900 ms MarkObjects: 1.401800 ms  DeleteObjects: 0.065800 ms)

========================================================================
Received Prepare
Registering precompiled user dll's ...
Registered in 0.000901 seconds.
Begin MonoManager ReloadAssembly
Native extension for WindowsStandalone target not found
Native extension for WebGL target not found
Refreshing native plugins compatible for Editor in 0.20 ms, found 0 plugins.
Preloading 0 native plugins for Editor in 0.00 ms.
Mono: successfully reloaded assembly
- Completed reload, in  0.760 seconds
Platform modules already initialized, skipping
Refreshing native plugins compatible for Editor in 0.20 ms, found 0 plugins.
Preloading 0 native plugins for Editor in 0.00 ms.
Unloading 1141 Unused Serialized files (Serialized files now loaded: 0)
System memory in use before: 76.5 MB.
System memory in use after: 76.6 MB.

Unloading 5 unused Assets to reduce memory usage. Loaded Objects now: 1712.
Total: 1.834300 ms (FindLiveObjects: 0.148700 ms CreateObjectMapping: 0.039300 ms MarkObjects: 1.567100 ms  DeleteObjects: 0.077700 ms)

========================================================================
Received Import Request.
  Time since last request: 1441.160447 seconds.
  path: Assets/Scripts/LapComplete.cs
  artifactKey: Guid(46bc17e60c5cfe043bf590dec2ab940d) Importer(815301076,1909f56bfc062723c751e8b465ee728b)
Start importing Assets/Scripts/LapComplete.cs using Guid(46bc17e60c5cfe043bf590dec2ab940d) Importer(815301076,1909f56bfc062723c751e8b465ee728b)  -> (artifact id: '9573a4188ea2bcdb0ab56ae5b22b5682') in 0.004687 seconds
  Import took 0.006688 seconds .

========================================================================
Received Prepare
Registering precompiled user dll's ...
Registered in 0.000752 seconds.
Begin MonoManager ReloadAssembly
Native extension for WindowsStandalone target not found
Native extension for WebGL target not found
Refreshing native plugins compatible for Editor in 0.21 ms, found 0 plugins.
Preloading 0 native plugins for Editor in 0.00 ms.
Mono: successfully reloaded assembly
- Completed reload, in  0.748 seconds
Platform modules already initialized, skipping
Refreshing native plugins compatible for Editor in 0.20 ms, found 0 plugins.
Preloading 0 native plugins for Editor in 0.00 ms.
Unloading 1141 Unused Serialized files (Serialized files now loaded: 0)
System memory in use before: 76.5 MB.
System memory in use after: 76.6 MB.

Unloading 5 unused Assets to reduce memory usage. Loaded Objects now: 1715.
Total: 1.722500 ms (FindLiveObjects: 0.135400 ms CreateObjectMapping: 0.037000 ms MarkObjects: 1.477400 ms  DeleteObjects: 0.071900 ms)

========================================================================
Received Prepare
Registering precompiled user dll's ...
Registered in 0.000693 seconds.
Begin MonoManager ReloadAssembly
Native extension for WindowsStandalone target not found
Native extension for WebGL target not found
Refreshing native plugins compatible for Editor in 0.20 ms, found 0 plugins.
Preloading 0 native plugins for Editor in 0.00 ms.
Mono: successfully reloaded assembly
- Completed reload, in  0.731 seconds
Platform modules already initialized, skipping
Refreshing native plugins compatible for Editor in 0.21 ms, found 0 plugins.
Preloading 0 native plugins for Editor in 0.00 ms.
Unloading 1141 Unused Serialized files (Serialized files now loaded: 0)
System memory in use before: 76.5 MB.
System memory in use after: 76.6 MB.

Unloading 5 unused Assets to reduce memory usage. Loaded Objects now: 1718.
Total: 1.735700 ms (FindLiveObjects: 0.147200 ms CreateObjectMapping: 0.037700 ms MarkObjects: 1.475400 ms  DeleteObjects: 0.074200 ms)

========================================================================
Received Prepare
Registering precompiled user dll's ...
Registered in 0.000704 seconds.
Begin MonoManager ReloadAssembly
Native extension for WindowsStandalone target not found
Native extension for WebGL target not found
Refreshing native plugins compatible for Editor in 0.22 ms, found 0 plugins.
Preloading 0 native plugins for Editor in 0.00 ms.
Mono: successfully reloaded assembly
- Completed reload, in  0.749 seconds
Platform modules already initialized, skipping
Refreshing native plugins compatible for Editor in 0.20 ms, found 0 plugins.
Preloading 0 native plugins for Editor in 0.00 ms.
Unloading 1141 Unused Serialized files (Serialized files now loaded: 0)
System memory in use before: 76.5 MB.
System memory in use after: 76.6 MB.

Unloading 5 unused Assets to reduce memory usage. Loaded Objects now: 1721.
Total: 1.742500 ms (FindLiveObjects: 0.147700 ms CreateObjectMapping: 0.037600 ms MarkObjects: 1.487600 ms  DeleteObjects: 0.068500 ms)

========================================================================
Received Prepare
Registering precompiled user dll's ...
Registered in 0.000968 seconds.
Begin MonoManager ReloadAssembly
Native extension for WindowsStandalone target not found
Native extension for WebGL target not found
Refreshing native plugins compatible for Editor in 0.21 ms, found 0 plugins.
Preloading 0 native plugins for Editor in 0.00 ms.
Mono: successfully reloaded assembly
- Completed reload, in  0.730 seconds
Platform modules already initialized, skipping
Refreshing native plugins compatible for Editor in 0.20 ms, found 0 plugins.
Preloading 0 native plugins for Editor in 0.00 ms.
Unloading 1141 Unused Serialized files (Serialized files now loaded: 0)
System memory in use before: 76.5 MB.
System memory in use after: 76.6 MB.

Unloading 5 unused Assets to reduce memory usage. Loaded Objects now: 1724.
Total: 1.814800 ms (FindLiveObjects: 0.186100 ms CreateObjectMapping: 0.053700 ms MarkObjects: 1.496400 ms  DeleteObjects: 0.077600 ms)

========================================================================
Received Prepare
Registering precompiled user dll's ...
Registered in 0.000737 seconds.
Begin MonoManager ReloadAssembly
Native extension for WindowsStandalone target not found
Native extension for WebGL target not found
Refreshing native plugins compatible for Editor in 0.21 ms, found 0 plugins.
Preloading 0 native plugins for Editor in 0.00 ms.
Mono: successfully reloaded assembly
- Completed reload, in  0.743 seconds
Platform modules already initialized, skipping
Refreshing native plugins compatible for Editor in 0.20 ms, found 0 plugins.
Preloading 0 native plugins for Editor in 0.00 ms.
Unloading 1141 Unused Serialized files (Serialized files now loaded: 0)
System memory in use before: 76.5 MB.
System memory in use after: 76.6 MB.

Unloading 5 unused Assets to reduce memory usage. Loaded Objects now: 1727.
Total: 1.720200 ms (FindLiveObjects: 0.146900 ms CreateObjectMapping: 0.037200 ms MarkObjects: 1.464900 ms  DeleteObjects: 0.070100 ms)

========================================================================
Received Prepare
Registering precompiled user dll's ...
Registered in 0.000668 seconds.
Begin MonoManager ReloadAssembly
Native extension for WindowsStandalone target not found
Native extension for WebGL target not found
Refreshing native plugins compatible for Editor in 0.20 ms, found 0 plugins.
Preloading 0 native plugins for Editor in 0.00 ms.
Mono: successfully reloaded assembly
- Completed reload, in  0.736 seconds
Platform modules already initialized, skipping
Refreshing native plugins compatible for Editor in 0.20 ms, found 0 plugins.
Preloading 0 native plugins for Editor in 0.00 ms.
Unloading 1141 Unused Serialized files (Serialized files now loaded: 0)
System memory in use before: 76.5 MB.
System memory in use after: 76.6 MB.

Unloading 5 unused Assets to reduce memory usage. Loaded Objects now: 1730.
Total: 1.791100 ms (FindLiveObjects: 0.157700 ms CreateObjectMapping: 0.041500 ms MarkObjects: 1.516200 ms  DeleteObjects: 0.074200 ms)

========================================================================
Received Prepare
Registering precompiled user dll's ...
Registered in 0.000705 seconds.
Begin MonoManager ReloadAssembly
Native extension for WindowsStandalone target not found
Native extension for WebGL target not found
Refreshing native plugins compatible for Editor in 0.21 ms, found 0 plugins.
Preloading 0 native plugins for Editor in 0.00 ms.
Mono: successfully reloaded assembly
- Completed reload, in  0.747 seconds
Platform modules already initialized, skipping
Refreshing native plugins compatible for Editor in 0.20 ms, found 0 plugins.
Preloading 0 native plugins for Editor in 0.00 ms.
Unloading 1141 Unused Serialized files (Serialized files now loaded: 0)
System memory in use before: 76.5 MB.
System memory in use after: 76.6 MB.

Unloading 5 unused Assets to reduce memory usage. Loaded Objects now: 1733.
Total: 1.677800 ms (FindLiveObjects: 0.133800 ms CreateObjectMapping: 0.035500 ms MarkObjects: 1.439500 ms  DeleteObjects: 0.068000 ms)

========================================================================
Received Import Request.
  Time since last request: 1010.872869 seconds.
  path: Assets/Scripts/LapComplete.cs
  artifactKey: Guid(46bc17e60c5cfe043bf590dec2ab940d) Importer(815301076,1909f56bfc062723c751e8b465ee728b)
Start importing Assets/Scripts/LapComplete.cs using Guid(46bc17e60c5cfe043bf590dec2ab940d) Importer(815301076,1909f56bfc062723c751e8b465ee728b)  -> (artifact id: '06298213da78cb580d4fa864bd486a05') in 0.005232 seconds
  Import took 0.007492 seconds .

========================================================================
Received Import Request.
  Time since last request: 0.001149 seconds.
  path: Assets/Scripts/LapComplete.cs
  artifactKey: Guid(46bc17e60c5cfe043bf590dec2ab940d) Importer(815301076,1909f56bfc062723c751e8b465ee728b)
Start importing Assets/Scripts/LapComplete.cs using Guid(46bc17e60c5cfe043bf590dec2ab940d) Importer(815301076,1909f56bfc062723c751e8b465ee728b)  -> (artifact id: '06298213da78cb580d4fa864bd486a05') in 0.002881 seconds
  Import took 0.004842 seconds .

========================================================================
Received Import Request.
  Time since last request: 580.793583 seconds.
  path: Assets/Scripts/LapComplete.cs
  artifactKey: Guid(46bc17e60c5cfe043bf590dec2ab940d) Importer(815301076,1909f56bfc062723c751e8b465ee728b)
Start importing Assets/Scripts/LapComplete.cs using Guid(46bc17e60c5cfe043bf590dec2ab940d) Importer(815301076,1909f56bfc062723c751e8b465ee728b)  -> (artifact id: 'f7112c9d02e6f3e465f6ecc3e84bef4f') in 0.008290 seconds
  Import took 0.010584 seconds .

========================================================================
Received Prepare
Registering precompiled user dll's ...
Registered in 0.000720 seconds.
Begin MonoManager ReloadAssembly
Native extension for WindowsStandalone target not found
Native extension for WebGL target not found
Refreshing native plugins compatible for Editor in 0.21 ms, found 0 plugins.
Preloading 0 native plugins for Editor in 0.00 ms.
Mono: successfully reloaded assembly
- Completed reload, in  0.755 seconds
Platform modules already initialized, skipping
Refreshing native plugins compatible for Editor in 0.20 ms, found 0 plugins.
Preloading 0 native plugins for Editor in 0.00 ms.
Unloading 1141 Unused Serialized files (Serialized files now loaded: 0)
System memory in use before: 76.5 MB.
System memory in use after: 76.6 MB.

Unloading 5 unused Assets to reduce memory usage. Loaded Objects now: 1736.
Total: 1.719700 ms (FindLiveObjects: 0.157700 ms CreateObjectMapping: 0.039900 ms MarkObjects: 1.449100 ms  DeleteObjects: 0.071900 ms)

========================================================================
Received Import Request.
  Time since last request: 391.051505 seconds.
  path: Assets/Classic Skybox/sky01.mat
  artifactKey: Guid(8185c62f5ccafe247bd3d1a04315857d) Importer(815301076,1909f56bfc062723c751e8b465ee728b)
Start importing Assets/Classic Skybox/sky01.mat using Guid(8185c62f5ccafe247bd3d1a04315857d) Importer(815301076,1909f56bfc062723c751e8b465ee728b)  -> (artifact id: '1e31ae345663b3e424570e1da04829a4') in 0.266048 seconds
  Import took 0.268761 seconds .

========================================================================
Received Import Request.
  Time since last request: 0.000214 seconds.
  path: Assets/Classic Skybox/sky02.mat
  artifactKey: Guid(1407c2790b7870b42a0df8ac84066e0c) Importer(815301076,1909f56bfc062723c751e8b465ee728b)
Start importing Assets/Classic Skybox/sky02.mat using Guid(1407c2790b7870b42a0df8ac84066e0c) Importer(815301076,1909f56bfc062723c751e8b465ee728b)  -> (artifact id: '07e9bc1283cc2cc22ff3e1c9735254b2') in 0.023039 seconds
  Import took 0.025170 seconds .

========================================================================
Received Import Request.
  Time since last request: 0.000216 seconds.
  path: Assets/Classic Skybox/sky03.mat
  artifactKey: Guid(d4cd6577352fd4946994aa7e3e3609e4) Importer(815301076,1909f56bfc062723c751e8b465ee728b)
Start importing Assets/Classic Skybox/sky03.mat using Guid(d4cd6577352fd4946994aa7e3e3609e4) Importer(815301076,1909f56bfc062723c751e8b465ee728b)  -> (artifact id: '2c43d3677d3bad903ba3ef6bdcffc015') in 0.025641 seconds
  Import took 0.027841 seconds .

========================================================================
Received Import Request.
  Time since last request: 0.000194 seconds.
  path: Assets/Classic Skybox/sky07.mat
  artifactKey: Guid(29d2bb922f79ece4c90867d92e25976e) Importer(815301076,1909f56bfc062723c751e8b465ee728b)
Start importing Assets/Classic Skybox/sky07.mat using Guid(29d2bb922f79ece4c90867d92e25976e) Importer(815301076,1909f56bfc062723c751e8b465ee728b)  -> (artifact id: '05dcbfb05a369969e2b53fc3c600dd0f') in 0.024289 seconds
  Import took 0.027003 seconds .

========================================================================
Received Import Request.
  Time since last request: 0.000671 seconds.
  path: Assets/Classic Skybox/sky04.mat
  artifactKey: Guid(b028ca26d06b2ef4fa1a51cd55473aa3) Importer(815301076,1909f56bfc062723c751e8b465ee728b)
Start importing Assets/Classic Skybox/sky04.mat using Guid(b028ca26d06b2ef4fa1a51cd55473aa3) Importer(815301076,1909f56bfc062723c751e8b465ee728b)  -> (artifact id: 'cf8cb8692ac8c19d1587cbcaae31b27f') in 0.024762 seconds
  Import took 0.027089 seconds .

========================================================================
Received Import Request.
  Time since last request: 0.000176 seconds.
  path: Assets/Classic Skybox/sky11.mat
  artifactKey: Guid(3cb99744b6248e54b8c0b0fb36aabbc7) Importer(815301076,1909f56bfc062723c751e8b465ee728b)
Start importing Assets/Classic Skybox/sky11.mat using Guid(3cb99744b6248e54b8c0b0fb36aabbc7) Importer(815301076,1909f56bfc062723c751e8b465ee728b)  -> (artifact id: 'e7f833fbf97467ac36d1a3069c562889') in 0.020074 seconds
  Import took 0.022173 seconds .

========================================================================
Received Import Request.
  Time since last request: 0.000217 seconds.
  path: Assets/Classic Skybox/sky05.mat
  artifactKey: Guid(3777c2609a2482a48a60ef07326b3646) Importer(815301076,1909f56bfc062723c751e8b465ee728b)
Start importing Assets/Classic Skybox/sky05.mat using Guid(3777c2609a2482a48a60ef07326b3646) Importer(815301076,1909f56bfc062723c751e8b465ee728b)  -> (artifact id: '978cd624e802e0ee502e094678b9d261') in 0.019076 seconds
  Import took 0.021367 seconds .

========================================================================
Received Import Request.
  Time since last request: 0.000197 seconds.
  path: Assets/Classic Skybox/sky13.mat
  artifactKey: Guid(43c0ad03dcb6b2a469387975f5050350) Importer(815301076,1909f56bfc062723c751e8b465ee728b)
Start importing Assets/Classic Skybox/sky13.mat using Guid(43c0ad03dcb6b2a469387975f5050350) Importer(815301076,1909f56bfc062723c751e8b465ee728b)  -> (artifact id: '4953e10a9e5c8a3f8b7cc7722884635c') in 0.019163 seconds
  Import took 0.021244 seconds .

========================================================================
Received Import Request.
  Time since last request: 0.000192 seconds.
  path: Assets/Classic Skybox/sky06.mat
  artifactKey: Guid(3c2476664a0b2ea4fb81a981d970a973) Importer(815301076,1909f56bfc062723c751e8b465ee728b)
Start importing Assets/Classic Skybox/sky06.mat using Guid(3c2476664a0b2ea4fb81a981d970a973) Importer(815301076,1909f56bfc062723c751e8b465ee728b)  -> (artifact id: '3b1eb2ef16bdff61f93fbddbd7a6640c') in 0.020185 seconds
  Import took 0.022243 seconds .

========================================================================
Received Import Request.
  Time since last request: 0.000306 seconds.
  path: Assets/Classic Skybox/sky14.mat
  artifactKey: Guid(9aa4b22013dfe644fb71d395e6ffb330) Importer(815301076,1909f56bfc062723c751e8b465ee728b)
Start importing Assets/Classic Skybox/sky14.mat using Guid(9aa4b22013dfe644fb71d395e6ffb330) Importer(815301076,1909f56bfc062723c751e8b465ee728b)  -> (artifact id: 'e4fc5d4a411cacaeb505eaaa7ff1d511') in 0.023806 seconds
  Import took 0.026151 seconds .

========================================================================
Received Import Request.
  Time since last request: 0.000243 seconds.
  path: Assets/Classic Skybox/sky10.mat
  artifactKey: Guid(096be19f838addd45821efc82508c187) Importer(815301076,1909f56bfc062723c751e8b465ee728b)
Start importing Assets/Classic Skybox/sky10.mat using Guid(096be19f838addd45821efc82508c187) Importer(815301076,1909f56bfc062723c751e8b465ee728b)  -> (artifact id: 'ad5cc9403cd17efb0b0951784868a00c') in 0.022989 seconds
  Import took 0.025627 seconds .

========================================================================
Received Import Request.
  Time since last request: 0.000198 seconds.
  path: Assets/Classic Skybox/sky08.mat
  artifactKey: Guid(eca3c00ef1cc6ce45bfade23ebc4ab1e) Importer(815301076,1909f56bfc062723c751e8b465ee728b)
Start importing Assets/Classic Skybox/sky08.mat using Guid(eca3c00ef1cc6ce45bfade23ebc4ab1e) Importer(815301076,1909f56bfc062723c751e8b465ee728b)  -> (artifact id: '17e96dfd78dbfa8a42aabdca19f43929') in 0.022775 seconds
  Import took 0.025095 seconds .

========================================================================
Received Import Request.
  Time since last request: 0.000199 seconds.
  path: Assets/Classic Skybox/sky12.mat
  artifactKey: Guid(67a9a41a1795d5f43b0596c1e2094a0b) Importer(815301076,1909f56bfc062723c751e8b465ee728b)
Start importing Assets/Classic Skybox/sky12.mat using Guid(67a9a41a1795d5f43b0596c1e2094a0b) Importer(815301076,1909f56bfc062723c751e8b465ee728b)  -> (artifact id: 'e9aac6722c4b79a8322783da7ed76910') in 0.022736 seconds
  Import took 0.025076 seconds .

========================================================================
Received Import Request.
  Time since last request: 0.000179 seconds.
  path: Assets/Classic Skybox/sky09.mat
  artifactKey: Guid(45393aeb3a23e41448c136a05980c848) Importer(815301076,1909f56bfc062723c751e8b465ee728b)
Start importing Assets/Classic Skybox/sky09.mat using Guid(45393aeb3a23e41448c136a05980c848) Importer(815301076,1909f56bfc062723c751e8b465ee728b)  -> (artifact id: 'f08626930121a8f4e891c95addb800c6') in 0.019950 seconds
  Import took 0.022339 seconds .

========================================================================
Received Import Request.
  Time since last request: 0.000159 seconds.
  path: Assets/Classic Skybox/sky15.mat
  artifactKey: Guid(71b634fec31b38b46a30f6185273a772) Importer(815301076,1909f56bfc062723c751e8b465ee728b)
Start importing Assets/Classic Skybox/sky15.mat using Guid(71b634fec31b38b46a30f6185273a772) Importer(815301076,1909f56bfc062723c751e8b465ee728b)  -> (artifact id: 'dbb0d8f1372112a57e6000945f163860') in 0.020130 seconds
  Import took 0.022217 seconds .

========================================================================
Received Import Request.
  Time since last request: 134.869153 seconds.
  path: Assets/Classic Skybox/New Lighting Settings.lighting
  artifactKey: Guid(de6b1f7cdafee55449a842eaea372e89) Importer(815301076,1909f56bfc062723c751e8b465ee728b)
Start importing Assets/Classic Skybox/New Lighting Settings.lighting using Guid(de6b1f7cdafee55449a842eaea372e89) Importer(815301076,1909f56bfc062723c751e8b465ee728b)  -> (artifact id: '9e636960723b100118a1b13e1f183400') in 0.009933 seconds
  Import took 0.011880 seconds .

========================================================================
Received Import Request.
  Time since last request: 34.589651 seconds.
  path: Assets/Standard Assets/Vehicles/Car/Materials/SkyCarBodyGrey.mat
  artifactKey: Guid(d425c5c4cb38fd44f95b13e9f94575c2) Importer(815301076,1909f56bfc062723c751e8b465ee728b)
Start importing Assets/Standard Assets/Vehicles/Car/Materials/SkyCarBodyGrey.mat using Guid(d425c5c4cb38fd44f95b13e9f94575c2) Importer(815301076,1909f56bfc062723c751e8b465ee728b)  -> (artifact id: 'c4f7c69e059706f7d37afbc78874fc4f') in 0.032994 seconds
  Import took 0.035110 seconds .

========================================================================
Received Import Request.
  Time since last request: 0.000248 seconds.
  path: Assets/Standard Assets/Vehicles/Car/Materials/SkyCarLightCoversGrey.mat
  artifactKey: Guid(bf5faaa3a8e23de45bf1350be2893dd7) Importer(815301076,1909f56bfc062723c751e8b465ee728b)
Start importing Assets/Standard Assets/Vehicles/Car/Materials/SkyCarLightCoversGrey.mat using Guid(bf5faaa3a8e23de45bf1350be2893dd7) Importer(815301076,1909f56bfc062723c751e8b465ee728b)  -> (artifact id: '0087f176473d4e1fc35fb6ab84f51790') in 0.019239 seconds
  Import took 0.021009 seconds .

========================================================================
Received Import Request.
  Time since last request: 0.000267 seconds.
  path: Assets/Standard Assets/Vehicles/Car/Materials/TrailSkid.mat
  artifactKey: Guid(f4dd0bba6decdd5418fd3d541ff5f7f0) Importer(815301076,1909f56bfc062723c751e8b465ee728b)
Start importing Assets/Standard Assets/Vehicles/Car/Materials/TrailSkid.mat using Guid(f4dd0bba6decdd5418fd3d541ff5f7f0) Importer(815301076,1909f56bfc062723c751e8b465ee728b)  -> (artifact id: 'bfce9dea1db155c3dfa897b72a58d3fb') in 0.026393 seconds
  Import took 0.028214 seconds .

========================================================================
Received Import Request.
  Time since last request: 0.000291 seconds.
  path: Assets/Standard Assets/Vehicles/Car/Materials/SkyCarLightGlows.mat
  artifactKey: Guid(3682f7747d485db4586750a832808b31) Importer(815301076,1909f56bfc062723c751e8b465ee728b)
Start importing Assets/Standard Assets/Vehicles/Car/Materials/SkyCarLightGlows.mat using Guid(3682f7747d485db4586750a832808b31) Importer(815301076,1909f56bfc062723c751e8b465ee728b)  -> (artifact id: '80854a5457b84418670bde17f52c118b') in 0.022966 seconds
  Import took 0.025016 seconds .

========================================================================
Received Import Request.
  Time since last request: 0.000242 seconds.
  path: Assets/Standard Assets/Vehicles/Car/Materials/SkyCarWheelWhite.mat
  artifactKey: Guid(6021947067b9d6c4bac8d9e085a71558) Importer(815301076,1909f56bfc062723c751e8b465ee728b)
Start importing Assets/Standard Assets/Vehicles/Car/Materials/SkyCarWheelWhite.mat using Guid(6021947067b9d6c4bac8d9e085a71558) Importer(815301076,1909f56bfc062723c751e8b465ee728b)  -> (artifact id: 'b48eb4b2d976030f97e567e676fa2043') in 0.029753 seconds
  Import took 0.031668 seconds .

========================================================================
Received Import Request.
  Time since last request: 0.000196 seconds.
  path: Assets/Standard Assets/Vehicles/Car/Materials/SkyCarLightCoversWhite.mat
  artifactKey: Guid(bedcbcc4d577778478a5f01fe1415af1) Importer(815301076,1909f56bfc062723c751e8b465ee728b)
Start importing Assets/Standard Assets/Vehicles/Car/Materials/SkyCarLightCoversWhite.mat using Guid(bedcbcc4d577778478a5f01fe1415af1) Importer(815301076,1909f56bfc062723c751e8b465ee728b)  -> (artifact id: 'c2b0e9ad90ba5652b92847634bf048c8') in 0.017667 seconds
  Import took 0.019919 seconds .

========================================================================
Received Import Request.
  Time since last request: 0.000160 seconds.
  path: Assets/Standard Assets/Vehicles/Car/Materials/SkyCarWheelGrey.mat
  artifactKey: Guid(965a4c3cf8f0acb408f15384c947b3fd) Importer(815301076,1909f56bfc062723c751e8b465ee728b)
Start importing Assets/Standard Assets/Vehicles/Car/Materials/SkyCarWheelGrey.mat using Guid(965a4c3cf8f0acb408f15384c947b3fd) Importer(815301076,1909f56bfc062723c751e8b465ee728b)  -> (artifact id: '3c8f36aae19602de1ce471a414e5fa05') in 0.018953 seconds
  Import took 0.020864 seconds .

========================================================================
Received Import Request.
  Time since last request: 0.000186 seconds.
  path: Assets/Standard Assets/Vehicles/Car/Materials/SkyCarBodyWhite.mat
  artifactKey: Guid(6ec41f7c0e0d3fb40933551a4124b211) Importer(815301076,1909f56bfc062723c751e8b465ee728b)
Start importing Assets/Standard Assets/Vehicles/Car/Materials/SkyCarBodyWhite.mat using Guid(6ec41f7c0e0d3fb40933551a4124b211) Importer(815301076,1909f56bfc062723c751e8b465ee728b)  -> (artifact id: 'e6384335ed728819af2f3da9627ef85a') in 0.021537 seconds
  Import took 0.023412 seconds .

========================================================================
Received Import Request.
  Time since last request: 5.139765 seconds.
  path: Assets/Materials/RedMat.mat
  artifactKey: Guid(a36e3e9c53225764d93110403864c513) Importer(815301076,1909f56bfc062723c751e8b465ee728b)
Start importing Assets/Materials/RedMat.mat using Guid(a36e3e9c53225764d93110403864c513) Importer(815301076,1909f56bfc062723c751e8b465ee728b)  -> (artifact id: '3e935b5fbcfb9b8fd3e842e2e6d76dda') in 0.017853 seconds
  Import took 0.019865 seconds .

========================================================================
Received Import Request.
  Time since last request: 0.000220 seconds.
  path: Assets/Standard Assets/Vehicles/Car/Materials/ParticleSmokeWhite.mat
  artifactKey: Guid(c617e7cbee0d2344a9b5e53116c43a2c) Importer(815301076,1909f56bfc062723c751e8b465ee728b)
Start importing Assets/Standard Assets/Vehicles/Car/Materials/ParticleSmokeWhite.mat using Guid(c617e7cbee0d2344a9b5e53116c43a2c) Importer(815301076,1909f56bfc062723c751e8b465ee728b)  -> (artifact id: '82c3466fc33798a54159566d43155cdc') in 0.022783 seconds
  Import took 0.024745 seconds .

========================================================================
Received Import Request.
  Time since last request: 0.000267 seconds.
  path: Assets/Standard Assets/Vehicles/Car/Materials/ParticleBurnout.mat
  artifactKey: Guid(32314ba6cfa407640bffbb7b20708949) Importer(815301076,1909f56bfc062723c751e8b465ee728b)
Start importing Assets/Standard Assets/Vehicles/Car/Materials/ParticleBurnout.mat using Guid(32314ba6cfa407640bffbb7b20708949) Importer(815301076,1909f56bfc062723c751e8b465ee728b)  -> (artifact id: '08e7d8ae2fbfcef45f7258469abd818b') in 0.046110 seconds
  Import took 0.048020 seconds .

AssetImportWorkerClient::OnTransportError - code=2 error=End of file
